[13:28:31] [ServerMain/INFO]: Environment: authHost='https://authserver.mojang.com', accountsHost='https://api.mojang.com', sessionHost='https://sessionserver.mojang.com', servicesHost='https://api.minecraftservices.com', name='PROD'
[13:28:32] [ServerMain/INFO]: Loaded 7 recipes
[13:28:33] [Server thread/INFO]: Starting minecraft server version 1.20.1
[13:28:33] [Server thread/WARN]: ****************************
[13:28:33] [Server thread/WARN]: YOU ARE RUNNING THIS SERVER AS AN ADMINISTRATIVE OR ROOT USER. THIS IS NOT ADVISED.
[13:28:33] [Server thread/WARN]: YOU ARE OPENING YOURSELF UP TO POTENTIAL RISKS WHEN DOING THIS.
[13:28:33] [Server thread/WARN]: FOR MORE INFORMATION, SEE https://madelinemiller.dev/blog/root-minecraft-server/
[13:28:33] [Server thread/WARN]: ****************************
[13:28:33] [Server thread/INFO]: Loading properties
[13:28:33] [Server thread/INFO]: This server is running Paper version git-Paper-196 (MC: 1.20.1) (Implementing API version 1.20.1-R0.1-SNAPSHOT) (Git: 773dd72)
[13:28:34] [Server thread/INFO]: Server Ping Player Sample Count: 12
[13:28:34] [Server thread/INFO]: Using 4 threads for Netty based IO
[13:28:34] [Server thread/WARN]: [!] The timings profiler has been enabled but has been scheduled for removal from Paper in the future.
    We recommend installing the spark profiler as a replacement: https://spark.lucko.me/
    For more information please visit: https://github.com/PaperMC/Paper/issues/8948
[13:28:34] [Server thread/INFO]: [ChunkTaskScheduler] Chunk system is using 1 I/O threads, 1 worker threads, and gen parallelism of 1 threads
[13:28:34] [Server thread/INFO]: Default game type: SURVIVAL
[13:28:34] [Server thread/INFO]: Generating keypair
[13:28:34] [Server thread/INFO]: Starting Minecraft server on *:25565
[13:28:34] [Server thread/INFO]: Using epoll channel type
[13:28:34] [Server thread/INFO]: Paper: Using libdeflate (Linux x86_64) compression from Velocity.
[13:28:34] [Server thread/INFO]: Paper: Using OpenSSL 3.0.x (Linux x86_64) cipher from Velocity.
[13:28:35] [Server thread/INFO]: [ViaVersion] Loading server plugin ViaVersion v5.0.1
[13:28:35] [Server thread/INFO]: [ViaVersion] ViaVersion 5.0.1 is now loaded. Registering protocol transformers and injecting...
[13:28:35] [Via-Mappingloader-0/INFO]: [ViaVersion] Loading block connection mappings ...
[13:28:35] [Via-Mappingloader-0/INFO]: [ViaVersion] Using FastUtil Long2ObjectOpenHashMap for block connections
[13:28:35] [Server thread/INFO]: [SkinsRestorer] Loading server plugin SkinsRestorer v15.2.0
[13:28:35] [Server thread/INFO]: [GSit] Loading server plugin GSit v1.9.5
[13:28:36] [Server thread/INFO]: Server permissions file permissions.yml is empty, ignoring it
[13:28:36] [Server thread/INFO]: [SkinsRestorer] Enabling SkinsRestorer v15.2.0
[13:28:36] [Server thread/INFO]: [SkinsRestorer] Running on Minecraft 1.20.1.
[13:28:36] [Server thread/INFO]: [SkinsRestorer] Using paper join listener!
[13:28:36] [Server thread/WARN]: **** SERVER IS RUNNING IN OFFLINE/INSECURE MODE!
[13:28:36] [Server thread/WARN]: The server will make no attempt to authenticate usernames. Beware.
[13:28:36] [Server thread/WARN]: While this makes the game possible to play without internet access, it also opens up the ability for hackers to connect with any username they choose.
[13:28:36] [Server thread/WARN]: To change this, set "online-mode" to "true" in the server.properties file.
[13:28:36] [Server thread/INFO]: Preparing level "world"
[13:28:37] [Folia Async Scheduler Thread #1/INFO]: [SkinsRestorer] ----------------------------------------------
[13:28:37] [Folia Async Scheduler Thread #1/INFO]: [SkinsRestorer]     +==================+
[13:28:37] [Folia Async Scheduler Thread #1/INFO]: [SkinsRestorer]     |   SkinsRestorer  |
[13:28:37] [Folia Async Scheduler Thread #1/INFO]: [SkinsRestorer]     |------------------|
[13:28:37] [Folia Async Scheduler Thread #1/INFO]: [SkinsRestorer]     |  Standalone Mode |
[13:28:37] [Folia Async Scheduler Thread #1/INFO]: [SkinsRestorer]     +==================+
[13:28:37] [Folia Async Scheduler Thread #1/INFO]: [SkinsRestorer] ----------------------------------------------
[13:28:37] [Folia Async Scheduler Thread #1/INFO]: [SkinsRestorer]     Version: 15.2.0
[13:28:37] [Folia Async Scheduler Thread #1/INFO]: [SkinsRestorer]     Commit: c69db2b
[13:28:37] [Folia Async Scheduler Thread #1/INFO]: [SkinsRestorer]     This is the latest version!
[13:28:37] [Folia Async Scheduler Thread #1/INFO]: [SkinsRestorer] ----------------------------------------------
[13:28:37] [Server thread/INFO]: Preparing start region for dimension minecraft:overworld
[13:28:37] [Server thread/INFO]: Time elapsed: 293 ms
[13:28:37] [Server thread/INFO]: Preparing start region for dimension minecraft:the_nether
[13:28:37] [Server thread/INFO]: Time elapsed: 68 ms
[13:28:37] [Server thread/INFO]: Preparing start region for dimension minecraft:the_end
[13:28:37] [Server thread/INFO]: Time elapsed: 48 ms
[13:28:37] [Server thread/INFO]: [ViaVersion] Enabling ViaVersion v5.0.1
[13:28:37] [Server thread/INFO]: [ViaVersion] ViaVersion detected server version: 1.20-1.20.1 (763)
[13:28:37] [Server thread/INFO]: [GSit] Enabling GSit v1.9.5
[13:28:38] [Server thread/INFO]: [GSit] The plugin was successfully enabled.
[13:28:38] [Server thread/INFO]: [GSit] Link with ViaVersion successful!
[13:28:38] [Server thread/INFO]: Running delayed init tasks
[13:28:38] [Server thread/INFO]: Done (4.977s)! For help, type "help"
[13:28:38] [Server thread/INFO]: Timings Reset
[13:28:38] [Craft Scheduler Thread - 2 - ViaVersion/INFO]: [ViaVersion] Finished mapping loading, shutting down loader executor!
[13:28:38] [Folia Async Scheduler Thread #2/ERROR]: [SkinsRestorer] Error getting Eclipse Profile
[13:33:36] [Server thread/INFO]: [STDOUT] [org.spigotmc.RestartCommand] Startup script './start.sh' does not exist! Stopping server.
[13:33:37] [Server thread/INFO]: Stopping server
[13:33:37] [Server thread/INFO]: [GSit] Disabling GSit v1.9.5
[13:33:37] [Server thread/INFO]: [GSit] The plugin was successfully disabled.
[13:33:37] [Server thread/INFO]: [SkinsRestorer] Disabling SkinsRestorer v15.2.0
[13:33:37] [Server thread/INFO]: [ViaVersion] Disabling ViaVersion v5.0.1
[13:33:37] [Server thread/INFO]: [ViaVersion] ViaVersion is disabling, if this is a reload and you experience issues consider rebooting.
[13:33:37] [Server thread/INFO]: Saving players
[13:33:37] [Server thread/INFO]: Saving worlds
[13:33:37] [Server thread/INFO]: Saving chunks for level 'ServerLevel[world]'/minecraft:overworld
[13:33:37] [Server thread/INFO]: [ChunkHolderManager] Waiting 60s for chunk system to halt for world 'world'
[13:33:37] [Server thread/INFO]: [ChunkHolderManager] Halted chunk system for world 'world'
[13:33:37] [Server thread/INFO]: [ChunkHolderManager] Saving all chunkholders for world 'world'
[13:33:38] [Server thread/INFO]: [ChunkHolderManager] Saved 529 block chunks, 529 entity chunks, 0 poi chunks in world 'world' in 0,89s
[13:33:38] [Server thread/INFO]: ThreadedAnvilChunkStorage (world): All chunks are saved
[13:33:38] [Server thread/INFO]: Saving chunks for level 'ServerLevel[world_nether]'/minecraft:the_nether
[13:33:38] [Server thread/INFO]: [ChunkHolderManager] Waiting 60s for chunk system to halt for world 'world_nether'
[13:33:38] [Server thread/INFO]: [ChunkHolderManager] Halted chunk system for world 'world_nether'
[13:33:38] [Server thread/INFO]: [ChunkHolderManager] Saving all chunkholders for world 'world_nether'
[13:33:38] [Server thread/INFO]: [ChunkHolderManager] Saved 529 block chunks, 529 entity chunks, 0 poi chunks in world 'world_nether' in 0,49s
[13:33:38] [Server thread/INFO]: ThreadedAnvilChunkStorage (DIM-1): All chunks are saved
[13:33:38] [Server thread/INFO]: Saving chunks for level 'ServerLevel[world_the_end]'/minecraft:the_end
[13:33:38] [Server thread/INFO]: [ChunkHolderManager] Waiting 60s for chunk system to halt for world 'world_the_end'
[13:33:38] [Server thread/INFO]: [ChunkHolderManager] Halted chunk system for world 'world_the_end'
[13:33:38] [Server thread/INFO]: [ChunkHolderManager] Saving all chunkholders for world 'world_the_end'
[13:33:38] [Server thread/INFO]: [ChunkHolderManager] Saved 529 block chunks, 529 entity chunks, 0 poi chunks in world 'world_the_end' in 0,19s
[13:33:39] [Server thread/INFO]: ThreadedAnvilChunkStorage (DIM1): All chunks are saved
[13:33:39] [Server thread/INFO]: ThreadedAnvilChunkStorage: All dimensions are saved
[13:33:39] [Server thread/INFO]: Flushing Chunk IO
[13:33:39] [Server thread/INFO]: Closing Thread Pool
[13:33:39] [Server thread/INFO]: Closing Server
